Using pre-set license
Built from '2022.3/release' branch; Version is '2022.3.5f1 (9674261d40ee) revision 9860134'; Using compiler version '192829333'; Build Type 'Release'
OS: 'Windows 11  (10.0.22000) 64bit Professional' Language: 'en' Physical Memory: 32656 MB
BatchMode: 1, IsHumanControllingUs: 0, StartBugReporterOnCrash: 0, Is64bit: 1, IsPro: 1

COMMAND LINE ARGUMENTS:
C:\Program Files\Unity\Hub\Editor\2022.3.5f1\Editor\Unity.exe
-adb2
-batchMode
-noUpm
-name
AssetImportWorker2
-projectPath
C:/Unity Projects/Indie Game Jam/indie-game-jam-1
-logFile
Logs/AssetImportWorker2.log
-srvPort
51272
Successfully changed project path to: C:/Unity Projects/Indie Game Jam/indie-game-jam-1
C:/Unity Projects/Indie Game Jam/indie-game-jam-1
[UnityMemory] Configuration Parameters - Can be set up in boot.config
    "memorysetup-bucket-allocator-granularity=16"
    "memorysetup-bucket-allocator-bucket-count=8"
    "memorysetup-bucket-allocator-block-size=33554432"
    "memorysetup-bucket-allocator-block-count=8"
    "memorysetup-main-allocator-block-size=16777216"
    "memorysetup-thread-allocator-block-size=16777216"
    "memorysetup-gfx-main-allocator-block-size=16777216"
    "memorysetup-gfx-thread-allocator-block-size=16777216"
    "memorysetup-cache-allocator-block-size=4194304"
    "memorysetup-typetree-allocator-block-size=2097152"
    "memorysetup-profiler-bucket-allocator-granularity=16"
    "memorysetup-profiler-bucket-allocator-bucket-count=8"
    "memorysetup-profiler-bucket-allocator-block-size=33554432"
    "memorysetup-profiler-bucket-allocator-block-count=8"
    "memorysetup-profiler-allocator-block-size=16777216"
    "memorysetup-profiler-editor-allocator-block-size=1048576"
    "memorysetup-temp-allocator-size-main=16777216"
    "memorysetup-job-temp-allocator-block-size=2097152"
    "memorysetup-job-temp-allocator-block-size-background=1048576"
    "memorysetup-job-temp-allocator-reduction-small-platforms=262144"
    "memorysetup-allocator-temp-initial-block-size-main=262144"
    "memorysetup-allocator-temp-initial-block-size-worker=262144"
    "memorysetup-temp-allocator-size-background-worker=32768"
    "memorysetup-temp-allocator-size-job-worker=262144"
    "memorysetup-temp-allocator-size-preload-manager=33554432"
    "memorysetup-temp-allocator-size-nav-mesh-worker=65536"
    "memorysetup-temp-allocator-size-audio-worker=65536"
    "memorysetup-temp-allocator-size-cloud-worker=32768"
    "memorysetup-temp-allocator-size-gi-baking-worker=262144"
    "memorysetup-temp-allocator-size-gfx=262144"
Player connection [28832] Host "[IP] 192.168.56.1 [Port] 0 [Flags] 2 [Guid] 2269728404 [EditorId] 2269728404 [Version] 1048832 [Id] WindowsEditor(7,IRIS-PC) [Debug] 1 [PackageName] WindowsEditor [ProjectName] Editor" joined multi-casting on [225.0.0.222:54997]...

Player connection [28832] Host "[IP] 192.168.56.1 [Port] 0 [Flags] 2 [Guid] 2269728404 [EditorId] 2269728404 [Version] 1048832 [Id] WindowsEditor(7,IRIS-PC) [Debug] 1 [PackageName] WindowsEditor [ProjectName] Editor" joined alternative multi-casting on [225.0.0.222:34997]...

Refreshing native plugins compatible for Editor in 10.17 ms, found 4 plugins.
Preloading 0 native plugins for Editor in 0.00 ms.
Initialize engine version: 2022.3.5f1 (9674261d40ee)
[Subsystems] Discovering subsystems at path C:/Program Files/Unity/Hub/Editor/2022.3.5f1/Editor/Data/Resources/UnitySubsystems
[Subsystems] Discovering subsystems at path C:/Unity Projects/Indie Game Jam/indie-game-jam-1/Assets
GfxDevice: creating device client; threaded=0; jobified=0
Direct3D:
    Version:  Direct3D 11.0 [level 11.1]
    Renderer: NVIDIA GeForce RTX 3060 (ID=0x2504)
    Vendor:   NVIDIA
    VRAM:     12129 MB
    Driver:   31.0.15.3623
Initialize mono
Mono path[0] = 'C:/Program Files/Unity/Hub/Editor/2022.3.5f1/Editor/Data/Managed'
Mono path[1] = 'C:/Program Files/Unity/Hub/Editor/2022.3.5f1/Editor/Data/MonoBleedingEdge/lib/mono/unityjit-win32'
Mono config path = 'C:/Program Files/Unity/Hub/Editor/2022.3.5f1/Editor/Data/MonoBleedingEdge/etc'
Using monoOptions --debugger-agent=transport=dt_socket,embedding=1,server=y,suspend=n,address=127.0.0.1:56856
Begin MonoManager ReloadAssembly
Registering precompiled unity dll's ...
Register platform support module: C:/Program Files/Unity/Hub/Editor/2022.3.5f1/Editor/Data/PlaybackEngines/WebGLSupport/UnityEditor.WebGL.Extensions.dll
Register platform support module: C:/Program Files/Unity/Hub/Editor/2022.3.5f1/Editor/Data/PlaybackEngines/AndroidPlayer/UnityEditor.Android.Extensions.dll
Register platform support module: C:/Program Files/Unity/Hub/Editor/2022.3.5f1/Editor/Data/PlaybackEngines/iOSSupport/UnityEditor.iOS.Extensions.dll
Register platform support module: C:/Program Files/Unity/Hub/Editor/2022.3.5f1/Editor/Data/PlaybackEngines/WindowsStandaloneSupport/UnityEditor.WindowsStandalone.Extensions.dll
Registered in 0.010469 seconds.
- Loaded All Assemblies, in  0.270 seconds
Native extension for WindowsStandalone target not found
[usbmuxd] Start listen thread
[usbmuxd] Listen thread started
Native extension for iOS target not found
Native extension for Android target not found
Android Extension - Scanning For ADB Devices 236 ms
Native extension for WebGL target not found
Mono: successfully reloaded assembly
- Finished resetting the current domain, in  0.531 seconds
Domain Reload Profiling: 799ms
	BeginReloadAssembly (69ms)
		ExecutionOrderSort (0ms)
		DisableScriptedObjects (0ms)
		BackupInstance (0ms)
		ReleaseScriptingObjects (0ms)
		CreateAndSetChildDomain (1ms)
	RebuildCommonClasses (24ms)
	RebuildNativeTypeToScriptingClass (8ms)
	initialDomainReloadingComplete (51ms)
	LoadAllAssembliesAndSetupDomain (116ms)
		LoadAssemblies (68ms)
		RebuildTransferFunctionScriptingTraits (0ms)
		AnalyzeDomain (109ms)
			TypeCache.Refresh (108ms)
				TypeCache.ScanAssembly (98ms)
			ScanForSourceGeneratedMonoScriptInfo (0ms)
			ResolveRequiredComponents (1ms)
	FinalizeReload (531ms)
		ReleaseScriptCaches (0ms)
		RebuildScriptCaches (0ms)
		SetupLoadedEditorAssemblies (479ms)
			LogAssemblyErrors (0ms)
			InitializePlatformSupportModulesInManaged (353ms)
			SetLoadedEditorAssemblies (4ms)
			RefreshPlugins (0ms)
			BeforeProcessingInitializeOnLoad (3ms)
			ProcessInitializeOnLoadAttributes (81ms)
			ProcessInitializeOnLoadMethodAttributes (39ms)
			AfterProcessingInitializeOnLoad (0ms)
			EditorAssembliesLoaded (0ms)
		ExecutionOrderSort2 (0ms)
		AwakeInstancesAfterBackupRestoration (0ms)
========================================================================
Worker process is ready to serve import requests
Begin MonoManager ReloadAssembly
Symbol file LoadedFromMemory doesn't match image C:\Unity Projects\Indie Game Jam\indie-game-jam-1\Library\PackageCache\com.unity.visualscripting@1.8.0\Editor\VisualScripting.Core\Dependencies\YamlDotNet\Unity.VisualScripting.YamlDotNet.dll
Symbol file LoadedFromMemory doesn't match image C:\Unity Projects\Indie Game Jam\indie-game-jam-1\Library\PackageCache\com.unity.visualscripting@1.8.0\Editor\VisualScripting.Core\Dependencies\DotNetZip\Unity.VisualScripting.IonicZip.dll
- Loaded All Assemblies, in  0.639 seconds
Refreshing native plugins compatible for Editor in 3.80 ms, found 4 plugins.
Native extension for WindowsStandalone target not found
Native extension for iOS target not found
Native extension for Android target not found
Native extension for WebGL target not found
Mono: successfully reloaded assembly
- Finished resetting the current domain, in  0.483 seconds
Domain Reload Profiling: 1119ms
	BeginReloadAssembly (108ms)
		ExecutionOrderSort (0ms)
		DisableScriptedObjects (4ms)
		BackupInstance (0ms)
		ReleaseScriptingObjects (0ms)
		CreateAndSetChildDomain (20ms)
	RebuildCommonClasses (35ms)
	RebuildNativeTypeToScriptingClass (9ms)
	initialDomainReloadingComplete (35ms)
	LoadAllAssembliesAndSetupDomain (448ms)
		LoadAssemblies (242ms)
		RebuildTransferFunctionScriptingTraits (0ms)
		AnalyzeDomain (257ms)
			TypeCache.Refresh (237ms)
				TypeCache.ScanAssembly (223ms)
			ScanForSourceGeneratedMonoScriptInfo (16ms)
			ResolveRequiredComponents (3ms)
	FinalizeReload (483ms)
		ReleaseScriptCaches (0ms)
		RebuildScriptCaches (0ms)
		SetupLoadedEditorAssemblies (342ms)
			LogAssemblyErrors (0ms)
			InitializePlatformSupportModulesInManaged (28ms)
			SetLoadedEditorAssemblies (3ms)
			RefreshPlugins (0ms)
			BeforeProcessingInitializeOnLoad (60ms)
			ProcessInitializeOnLoadAttributes (206ms)
			ProcessInitializeOnLoadMethodAttributes (36ms)
			AfterProcessingInitializeOnLoad (7ms)
			EditorAssembliesLoaded (0ms)
		ExecutionOrderSort2 (0ms)
		AwakeInstancesAfterBackupRestoration (5ms)
Launched and connected shader compiler UnityShaderCompiler.exe after 0.03 seconds
Refreshing native plugins compatible for Editor in 6.58 ms, found 4 plugins.
Preloading 0 native plugins for Editor in 0.00 ms.
Unloading 4157 Unused Serialized files (Serialized files now loaded: 0)
Unloading 94 unused Assets / (2.8 MB). Loaded Objects now: 4594.
Memory consumption went from 162.8 MB to 160.0 MB.
Total: 11.442800 ms (FindLiveObjects: 0.489100 ms CreateObjectMapping: 0.246500 ms MarkObjects: 9.576700 ms  DeleteObjects: 1.129600 ms)

AssetImportParameters requested are different than current active one (requested -> active):
  custom:container-demuxer-ogg: 62fdf1f143b41e24485cea50d1cbac27 -> 
  custom:video-decoder-ogg-theora: a1e56fd34408186e4bbccfd4996cb3dc -> 
  custom:framework-win-MediaFoundation: 216162199b28c13a410421893ffa2e32 -> 
  custom:CustomObjectIndexerAttribute: 756ad292c208cfabdd7b50bc23989ffe -> 
  custom:container-demuxer-webm: 4f35f7cbe854078d1ac9338744f61a02 -> 
  custom:container-muxer-webm: aa71ff27fc2769a1b78a27578f13a17b -> 
  custom:video-decoder-webm-vp8: 9c59270c3fd7afecdb556c50c9e8de78 -> 
  custom:AudioImporter_EditorPlatform: d09bf68614088b80899f8185d706f6e7 -> 
  custom:video-encoder-webm-vp8: eb34c28f22e8b96e1ab97ce403110664 -> 
  custom:audio-decoder-ogg-vorbis: bf7c407c2cedff20999df2af8eb42d56 -> 
  custom:audio-encoder-webm-vorbis: bf7c407c2cedff20999df2af8eb42d56 -> 
========================================================================
Received Import Request.
  Time since last request: 303455.354507 seconds.
  path: Assets/Footsteps - Essentials/Footsteps_Grass/Foley_Grass/Footsteps_Grass_Tall_Movement_08.wav
  artifactKey: Guid(0c4726bd3866ab840a1cf5b807849c4f) Importer(2089858483,0ecaa5967403d082aa24f35e1b516d23)
Start importing Assets/Footsteps - Essentials/Footsteps_Grass/Foley_Grass/Footsteps_Grass_Tall_Movement_08.wav using Guid(0c4726bd3866ab840a1cf5b807849c4f) Importer(2089858483,0ecaa5967403d082aa24f35e1b516d23) Generated GUIDs only implemented for interfaces!
 -> (artifact id: 'e792332270265c73cb3fbcbcec00831c') in 0.122705 seconds
Number of updated asset objects reloaded before import = 0
Number of asset objects unloaded after import = 1
========================================================================
Received Import Request.
  Time since last request: 0.000030 seconds.
  path: Assets/8-Bit Style Sound Effects/Lo-Fi_8-Bit_11025Hz [Tiny Files]/Loading 02_8-Bit_11025Hz.wav
  artifactKey: Guid(3d34157f374ee9f42a41bea65cd55d49) Importer(2089858483,0ecaa5967403d082aa24f35e1b516d23)
Start importing Assets/8-Bit Style Sound Effects/Lo-Fi_8-Bit_11025Hz [Tiny Files]/Loading 02_8-Bit_11025Hz.wav using Guid(3d34157f374ee9f42a41bea65cd55d49) Importer(2089858483,0ecaa5967403d082aa24f35e1b516d23) Generated GUIDs only implemented for interfaces!
 -> (artifact id: 'a3b74be5b48b4e7da4a5f1f7a79fe4da') in 0.032210 seconds
Number of updated asset objects reloaded before import = 0
Number of asset objects unloaded after import = 1
========================================================================
Received Import Request.
  Time since last request: 0.000013 seconds.
  path: Assets/1.1 - FREE CASUAL PACK SFX/10 - BONUS/Casual loop 1.wav
  artifactKey: Guid(cbd5ee476a488444aaeb06b7e1fb04e0) Importer(2089858483,0ecaa5967403d082aa24f35e1b516d23)
Start importing Assets/1.1 - FREE CASUAL PACK SFX/10 - BONUS/Casual loop 1.wav using Guid(cbd5ee476a488444aaeb06b7e1fb04e0) Importer(2089858483,0ecaa5967403d082aa24f35e1b516d23) Generated GUIDs only implemented for interfaces!
 -> (artifact id: 'c694914e7f6329368b250a4fca8d2c11') in 0.054509 seconds
Number of updated asset objects reloaded before import = 0
Number of asset objects unloaded after import = 1
========================================================================
Received Import Request.
  Time since last request: 0.000015 seconds.
  path: Assets/Sprites/licos idle.png
  artifactKey: Guid(dc16e218eb808e44793ca53f3bec063d) Importer(2089858483,0ecaa5967403d082aa24f35e1b516d23)
Start importing Assets/Sprites/licos idle.png using Guid(dc16e218eb808e44793ca53f3bec063d) Importer(2089858483,0ecaa5967403d082aa24f35e1b516d23) Generated GUIDs only implemented for interfaces!
 -> (artifact id: '081b8777a5eb405dc1a3958c87f6faa5') in 0.080161 seconds
Number of updated asset objects reloaded before import = 0
Number of asset objects unloaded after import = 6
========================================================================
Received Import Request.
  Time since last request: 0.000013 seconds.
  path: Assets/Footsteps - Essentials/Footsteps_Grass/Footsteps_Grass_Walk/Footsteps_Walk_Grass_Mono_45.wav
  artifactKey: Guid(74a0ecc6d5d37bf4f8fe4544dfcd9e8b) Importer(2089858483,0ecaa5967403d082aa24f35e1b516d23)
Start importing Assets/Footsteps - Essentials/Footsteps_Grass/Footsteps_Grass_Walk/Footsteps_Walk_Grass_Mono_45.wav using Guid(74a0ecc6d5d37bf4f8fe4544dfcd9e8b) Importer(2089858483,0ecaa5967403d082aa24f35e1b516d23) Generated GUIDs only implemented for interfaces!
 -> (artifact id: '36819da3a1ff8c993520d60a7139cb95') in 0.035159 seconds
Number of updated asset objects reloaded before import = 0
Number of asset objects unloaded after import = 1
========================================================================
Received Import Request.
  Time since last request: 0.000013 seconds.
  path: Assets/Sounds/COLORALPHA 50 Menu Interface SFX/FLAC/MI_SFX 03.flac
  artifactKey: Guid(92df5ec702e94c648bb99d65b76aae23) Importer(2089858483,0ecaa5967403d082aa24f35e1b516d23)
Start importing Assets/Sounds/COLORALPHA 50 Menu Interface SFX/FLAC/MI_SFX 03.flac using Guid(92df5ec702e94c648bb99d65b76aae23) Importer(2089858483,0ecaa5967403d082aa24f35e1b516d23) Generated GUIDs only implemented for interfaces!
 -> (artifact id: '731474134b1c952c18d694ef2661f0eb') in 0.055272 seconds
Number of updated asset objects reloaded before import = 0
Number of asset objects unloaded after import = 1
========================================================================
Received Import Request.
  Time since last request: 0.000015 seconds.
  path: Assets/Footsteps - Essentials/Footsteps_Grass/Footsteps_Grass_Walk/Footsteps_Walk_Grass_Mono_30.wav
  artifactKey: Guid(b4b126977b28e1d499d8f7f7c580d488) Importer(2089858483,0ecaa5967403d082aa24f35e1b516d23)
Start importing Assets/Footsteps - Essentials/Footsteps_Grass/Footsteps_Grass_Walk/Footsteps_Walk_Grass_Mono_30.wav using Guid(b4b126977b28e1d499d8f7f7c580d488) Importer(2089858483,0ecaa5967403d082aa24f35e1b516d23) Generated GUIDs only implemented for interfaces!
 -> (artifact id: '4dfa8d2b8d8dda78543876080abd8b9d') in 0.035759 seconds
Number of updated asset objects reloaded before import = 0
Number of asset objects unloaded after import = 1
========================================================================
Received Import Request.
  Time since last request: 0.000021 seconds.
  path: Assets/Footsteps - Essentials/Footsteps_Grass/Footsteps_Grass_Walk/Footsteps_Walk_Grass_Mono_35.wav
  artifactKey: Guid(c98c6b4375d0b1e4193f9e678966559a) Importer(2089858483,0ecaa5967403d082aa24f35e1b516d23)
Start importing Assets/Footsteps - Essentials/Footsteps_Grass/Footsteps_Grass_Walk/Footsteps_Walk_Grass_Mono_35.wav using Guid(c98c6b4375d0b1e4193f9e678966559a) Importer(2089858483,0ecaa5967403d082aa24f35e1b516d23) Generated GUIDs only implemented for interfaces!
 -> (artifact id: '49ec08b5f61822b609509215bcdf9a99') in 0.033274 seconds
Number of updated asset objects reloaded before import = 0
Number of asset objects unloaded after import = 1
========================================================================
Received Import Request.
  Time since last request: 0.000012 seconds.
  path: Assets/Footsteps - Essentials/Footsteps_Grass/Footsteps_Grass_Walk/Footsteps_Walk_Grass_Mono_29.wav
  artifactKey: Guid(3642dbceb97dc5d419752955421aca54) Importer(2089858483,0ecaa5967403d082aa24f35e1b516d23)
Start importing Assets/Footsteps - Essentials/Footsteps_Grass/Footsteps_Grass_Walk/Footsteps_Walk_Grass_Mono_29.wav using Guid(3642dbceb97dc5d419752955421aca54) Importer(2089858483,0ecaa5967403d082aa24f35e1b516d23) Generated GUIDs only implemented for interfaces!
 -> (artifact id: '26bae16ec9c575e279bb7d468443691f') in 0.031977 seconds
Number of updated asset objects reloaded before import = 0
Number of asset objects unloaded after import = 1
========================================================================
Received Import Request.
  Time since last request: 0.000015 seconds.
  path: Assets/Footsteps - Essentials/Footsteps_Grass/Footsteps_Grass_Walk/Footsteps_Walk_Grass_Mono_18.wav
  artifactKey: Guid(e4f1c11a5b7fd27468ea8b131669f3a5) Importer(2089858483,0ecaa5967403d082aa24f35e1b516d23)
Start importing Assets/Footsteps - Essentials/Footsteps_Grass/Footsteps_Grass_Walk/Footsteps_Walk_Grass_Mono_18.wav using Guid(e4f1c11a5b7fd27468ea8b131669f3a5) Importer(2089858483,0ecaa5967403d082aa24f35e1b516d23) Generated GUIDs only implemented for interfaces!
 -> (artifact id: '4b87a22f70b365736e281eb3182ccacc') in 0.035889 seconds
Number of updated asset objects reloaded before import = 0
Number of asset objects unloaded after import = 1
========================================================================
Received Import Request.
  Time since last request: 0.000014 seconds.
  path: Assets/1.1 - FREE CASUAL PACK SFX/DICE/DICE 2.wav
  artifactKey: Guid(e1476fa3cf7ce0f48a57d6b5b0299a37) Importer(2089858483,0ecaa5967403d082aa24f35e1b516d23)
Start importing Assets/1.1 - FREE CASUAL PACK SFX/DICE/DICE 2.wav using Guid(e1476fa3cf7ce0f48a57d6b5b0299a37) Importer(2089858483,0ecaa5967403d082aa24f35e1b516d23) Generated GUIDs only implemented for interfaces!
 -> (artifact id: 'fea52c7ee6de34db53c7d4a3784df7ae') in 0.058907 seconds
Number of updated asset objects reloaded before import = 0
Number of asset objects unloaded after import = 1
========================================================================
Received Import Request.
  Time since last request: 0.000022 seconds.
  path: Assets/Sprites/bat cioban.png
  artifactKey: Guid(0ad70cf10df613a41a3df2ee3eac43d5) Importer(2089858483,0ecaa5967403d082aa24f35e1b516d23)
Start importing Assets/Sprites/bat cioban.png using Guid(0ad70cf10df613a41a3df2ee3eac43d5) Importer(2089858483,0ecaa5967403d082aa24f35e1b516d23) Generated GUIDs only implemented for interfaces!
 -> (artifact id: 'd2d502a405baa971cd257c587fcd79d8') in 0.032214 seconds
Number of updated asset objects reloaded before import = 0
Number of asset objects unloaded after import = 3
========================================================================
Received Import Request.
  Time since last request: 0.000012 seconds.
  path: Assets/8-Bit Style Sound Effects/Regular/Blip_C_06.wav
  artifactKey: Guid(343d178b4ed1f9a419424aadfe23ff25) Importer(2089858483,0ecaa5967403d082aa24f35e1b516d23)
Start importing Assets/8-Bit Style Sound Effects/Regular/Blip_C_06.wav using Guid(343d178b4ed1f9a419424aadfe23ff25) Importer(2089858483,0ecaa5967403d082aa24f35e1b516d23) Generated GUIDs only implemented for interfaces!
 -> (artifact id: '5f30b5b5418d8dbe7ee34c364da8d671') in 0.037722 seconds
Number of updated asset objects reloaded before import = 0
Number of asset objects unloaded after import = 1
========================================================================
Received Import Request.
  Time since last request: 0.000015 seconds.
  path: Assets/1.1 - FREE CASUAL PACK SFX/FIREWORKS/FIREWORKS 2.wav
  artifactKey: Guid(362141a08f284ab41a740893a3ad15fb) Importer(2089858483,0ecaa5967403d082aa24f35e1b516d23)
Start importing Assets/1.1 - FREE CASUAL PACK SFX/FIREWORKS/FIREWORKS 2.wav using Guid(362141a08f284ab41a740893a3ad15fb) Importer(2089858483,0ecaa5967403d082aa24f35e1b516d23) Generated GUIDs only implemented for interfaces!
 -> (artifact id: '1954f7c807ed4a0c5c0d11f760281047') in 0.051434 seconds
Number of updated asset objects reloaded before import = 0
Number of asset objects unloaded after import = 1
========================================================================
Received Import Request.
  Time since last request: 0.000020 seconds.
  path: Assets/CasualGameBGM05/BGM_04.wav
  artifactKey: Guid(1532c7e67c2d60c4c8780da14b7e8fcf) Importer(2089858483,0ecaa5967403d082aa24f35e1b516d23)
Start importing Assets/CasualGameBGM05/BGM_04.wav using Guid(1532c7e67c2d60c4c8780da14b7e8fcf) Importer(2089858483,0ecaa5967403d082aa24f35e1b516d23) Generated GUIDs only implemented for interfaces!
 -> (artifact id: '9b649a3dc58950372b883c426bf1035f') in 0.054430 seconds
Number of updated asset objects reloaded before import = 0
Number of asset objects unloaded after import = 1
========================================================================
Received Import Request.
  Time since last request: 0.000013 seconds.
  path: Assets/Footsteps - Essentials/Footsteps_Grass/Footsteps_Grass_Walk/Footsteps_Walk_Grass_Mono_37.wav
  artifactKey: Guid(326f222e206f8d84bbced6f9d6a0f08e) Importer(2089858483,0ecaa5967403d082aa24f35e1b516d23)
Start importing Assets/Footsteps - Essentials/Footsteps_Grass/Footsteps_Grass_Walk/Footsteps_Walk_Grass_Mono_37.wav using Guid(326f222e206f8d84bbced6f9d6a0f08e) Importer(2089858483,0ecaa5967403d082aa24f35e1b516d23) Generated GUIDs only implemented for interfaces!
 -> (artifact id: '71cfd981f26b69c568f3f82de000d94f') in 0.033319 seconds
Number of updated asset objects reloaded before import = 0
Number of asset objects unloaded after import = 1
========================================================================
Received Import Request.
  Time since last request: 0.000012 seconds.
  path: Assets/Sounds/COLORALPHA 50 Menu Interface SFX/FLAC/MI_SFX 46.flac
  artifactKey: Guid(bea0fcb46962e854bb9b29e2beb6356a) Importer(2089858483,0ecaa5967403d082aa24f35e1b516d23)
Start importing Assets/Sounds/COLORALPHA 50 Menu Interface SFX/FLAC/MI_SFX 46.flac using Guid(bea0fcb46962e854bb9b29e2beb6356a) Importer(2089858483,0ecaa5967403d082aa24f35e1b516d23) Generated GUIDs only implemented for interfaces!
 -> (artifact id: '49c85a9cb85d509c99f39f37ca15bde6') in 0.050368 seconds
Number of updated asset objects reloaded before import = 0
Number of asset objects unloaded after import = 1
========================================================================
Received Import Request.
  Time since last request: 0.000016 seconds.
  path: Assets/Sounds/COLORALPHA 50 Menu Interface SFX/FLAC/MI_SFX 45.flac
  artifactKey: Guid(63177e518217b1c4da338b0db0a01c65) Importer(2089858483,0ecaa5967403d082aa24f35e1b516d23)
Start importing Assets/Sounds/COLORALPHA 50 Menu Interface SFX/FLAC/MI_SFX 45.flac using Guid(63177e518217b1c4da338b0db0a01c65) Importer(2089858483,0ecaa5967403d082aa24f35e1b516d23) Generated GUIDs only implemented for interfaces!
 -> (artifact id: '78ef15224a6ed9ca40c93877b7d8d36c') in 0.053081 seconds
Number of updated asset objects reloaded before import = 0
Number of asset objects unloaded after import = 1
========================================================================
Received Import Request.
  Time since last request: 0.000022 seconds.
  path: Assets/Sounds/COLORALPHA 50 Menu Interface SFX/FLAC/MI_SFX 16.flac
  artifactKey: Guid(07e57510037a27a4bbd4c97d8fe016d7) Importer(2089858483,0ecaa5967403d082aa24f35e1b516d23)
Start importing Assets/Sounds/COLORALPHA 50 Menu Interface SFX/FLAC/MI_SFX 16.flac using Guid(07e57510037a27a4bbd4c97d8fe016d7) Importer(2089858483,0ecaa5967403d082aa24f35e1b516d23) Generated GUIDs only implemented for interfaces!
 -> (artifact id: '89dc5ae389944151b90a7eadc3c68464') in 0.050015 seconds
Number of updated asset objects reloaded before import = 0
Number of asset objects unloaded after import = 1
========================================================================
Received Import Request.
  Time since last request: 0.000013 seconds.
  path: Assets/Sounds/COLORALPHA 50 Menu Interface SFX/FLAC/MI_SFX 22.flac
  artifactKey: Guid(3db555ef21d44aa4b8926af5017950d3) Importer(2089858483,0ecaa5967403d082aa24f35e1b516d23)
Start importing Assets/Sounds/COLORALPHA 50 Menu Interface SFX/FLAC/MI_SFX 22.flac using Guid(3db555ef21d44aa4b8926af5017950d3) Importer(2089858483,0ecaa5967403d082aa24f35e1b516d23) Generated GUIDs only implemented for interfaces!
 -> (artifact id: 'f40a12cf3a5d8fe198d9078f9cd5ee67') in 0.056759 seconds
Number of updated asset objects reloaded before import = 0
Number of asset objects unloaded after import = 1
========================================================================
Received Import Request.
  Time since last request: 0.000014 seconds.
  path: Assets/Sounds/COLORALPHA 50 Menu Interface SFX/FLAC/MI_SFX 25.flac
  artifactKey: Guid(ddd83b46d324e9d489f6ddb4597850b6) Importer(2089858483,0ecaa5967403d082aa24f35e1b516d23)
Start importing Assets/Sounds/COLORALPHA 50 Menu Interface SFX/FLAC/MI_SFX 25.flac using Guid(ddd83b46d324e9d489f6ddb4597850b6) Importer(2089858483,0ecaa5967403d082aa24f35e1b516d23) Generated GUIDs only implemented for interfaces!
 -> (artifact id: '8ef0d08850c466b2a92b13d4be3ab91a') in 0.052773 seconds
Number of updated asset objects reloaded before import = 0
Number of asset objects unloaded after import = 1
========================================================================
Received Import Request.
  Time since last request: 0.000012 seconds.
  path: Assets/Sounds/COLORALPHA 50 Menu Interface SFX/FLAC/MI_SFX 40.flac
  artifactKey: Guid(002fbb0347124744d97ca2f01c57f0b6) Importer(2089858483,0ecaa5967403d082aa24f35e1b516d23)
Start importing Assets/Sounds/COLORALPHA 50 Menu Interface SFX/FLAC/MI_SFX 40.flac using Guid(002fbb0347124744d97ca2f01c57f0b6) Importer(2089858483,0ecaa5967403d082aa24f35e1b516d23) Generated GUIDs only implemented for interfaces!
 -> (artifact id: '84ef70ec8a3792e47bec6b6531a7b824') in 0.054043 seconds
Number of updated asset objects reloaded before import = 0
Number of asset objects unloaded after import = 1
========================================================================
Received Import Request.
  Time since last request: 0.000013 seconds.
  path: Assets/Sounds/COLORALPHA 50 Menu Interface SFX/FLAC/MI_SFX 13.flac
  artifactKey: Guid(9da0b53324d56eb4ab71bfcfffbdb9c8) Importer(2089858483,0ecaa5967403d082aa24f35e1b516d23)
Start importing Assets/Sounds/COLORALPHA 50 Menu Interface SFX/FLAC/MI_SFX 13.flac using Guid(9da0b53324d56eb4ab71bfcfffbdb9c8) Importer(2089858483,0ecaa5967403d082aa24f35e1b516d23) Generated GUIDs only implemented for interfaces!
 -> (artifact id: '20407713317c331c170a88bddec7a5d8') in 0.056697 seconds
Number of updated asset objects reloaded before import = 0
Number of asset objects unloaded after import = 1
========================================================================
Received Import Request.
  Time since last request: 0.000021 seconds.
  path: Assets/Sounds/COLORALPHA 50 Menu Interface SFX/MP3/MI_SFX 08.mp3.asd
  artifactKey: Guid(a00e1aded9e3b1c45a01a6dbe893b374) Importer(2089858483,0ecaa5967403d082aa24f35e1b516d23)
Start importing Assets/Sounds/COLORALPHA 50 Menu Interface SFX/MP3/MI_SFX 08.mp3.asd using Guid(a00e1aded9e3b1c45a01a6dbe893b374) Importer(2089858483,0ecaa5967403d082aa24f35e1b516d23) Generated GUIDs only implemented for interfaces!
 -> (artifact id: 'f16f4871a5e6b1e33840c39dc93a7689') in 0.008284 seconds
Number of updated asset objects reloaded before import = 0
Number of asset objects unloaded after import = 1
========================================================================
Received Import Request.
  Time since last request: 0.000013 seconds.
  path: Assets/Sounds/COLORALPHA 50 Menu Interface SFX/MP3/MI_SFX 16.mp3.asd
  artifactKey: Guid(54c227f4861e6e54380cfc10cbc489c7) Importer(2089858483,0ecaa5967403d082aa24f35e1b516d23)
Start importing Assets/Sounds/COLORALPHA 50 Menu Interface SFX/MP3/MI_SFX 16.mp3.asd using Guid(54c227f4861e6e54380cfc10cbc489c7) Importer(2089858483,0ecaa5967403d082aa24f35e1b516d23) Generated GUIDs only implemented for interfaces!
 -> (artifact id: '28b63823dd0ebbd70f0b383c1b5b58bc') in 0.007913 seconds
Number of updated asset objects reloaded before import = 0
Number of asset objects unloaded after import = 1
========================================================================
Received Import Request.
  Time since last request: 0.000013 seconds.
  path: Assets/Sounds/COLORALPHA 50 Menu Interface SFX/MP3/MI_SFX 10.mp3
  artifactKey: Guid(2b707001d60974a4596700d7694924d4) Importer(2089858483,0ecaa5967403d082aa24f35e1b516d23)
Start importing Assets/Sounds/COLORALPHA 50 Menu Interface SFX/MP3/MI_SFX 10.mp3 using Guid(2b707001d60974a4596700d7694924d4) Importer(2089858483,0ecaa5967403d082aa24f35e1b516d23) Generated GUIDs only implemented for interfaces!
 -> (artifact id: '757d36375242557b8c4141fe33367c76') in 0.057281 seconds
Number of updated asset objects reloaded before import = 0
Number of asset objects unloaded after import = 1
========================================================================
Received Import Request.
  Time since last request: 0.000014 seconds.
  path: Assets/Sounds/COLORALPHA 50 Menu Interface SFX/MP3/MI_SFX 11.mp3.asd
  artifactKey: Guid(b45193eec999ce54f88a4907bdc276f7) Importer(2089858483,0ecaa5967403d082aa24f35e1b516d23)
Start importing Assets/Sounds/COLORALPHA 50 Menu Interface SFX/MP3/MI_SFX 11.mp3.asd using Guid(b45193eec999ce54f88a4907bdc276f7) Importer(2089858483,0ecaa5967403d082aa24f35e1b516d23) Generated GUIDs only implemented for interfaces!
 -> (artifact id: '140e05ed28efbbc35eac7e037c0dca91') in 0.008415 seconds
Number of updated asset objects reloaded before import = 0
Number of asset objects unloaded after import = 1
========================================================================
Received Import Request.
  Time since last request: 0.000016 seconds.
  path: Assets/Sounds/COLORALPHA 50 Menu Interface SFX/MP3/MI_SFX 14.mp3.asd
  artifactKey: Guid(9cc74c24c4842f2439f141fc7a7a3d6d) Importer(2089858483,0ecaa5967403d082aa24f35e1b516d23)
Start importing Assets/Sounds/COLORALPHA 50 Menu Interface SFX/MP3/MI_SFX 14.mp3.asd using Guid(9cc74c24c4842f2439f141fc7a7a3d6d) Importer(2089858483,0ecaa5967403d082aa24f35e1b516d23) Generated GUIDs only implemented for interfaces!
 -> (artifact id: 'a7a9967817270035b4488d28c6b95d66') in 0.008336 seconds
Number of updated asset objects reloaded before import = 0
Number of asset objects unloaded after import = 1
========================================================================
Received Import Request.
  Time since last request: 0.000024 seconds.
  path: Assets/Sounds/COLORALPHA 50 Menu Interface SFX/MP3/MI_SFX 20.mp3
  artifactKey: Guid(27c08cb6ada277d4d84f87ef45229d48) Importer(2089858483,0ecaa5967403d082aa24f35e1b516d23)
Start importing Assets/Sounds/COLORALPHA 50 Menu Interface SFX/MP3/MI_SFX 20.mp3 using Guid(27c08cb6ada277d4d84f87ef45229d48) Importer(2089858483,0ecaa5967403d082aa24f35e1b516d23) Generated GUIDs only implemented for interfaces!
 -> (artifact id: 'cd49a5a3a0e604827be9ab51b7221501') in 0.052160 seconds
Number of updated asset objects reloaded before import = 0
Number of asset objects unloaded after import = 1
========================================================================
Received Import Request.
  Time since last request: 0.000011 seconds.
  path: Assets/Sounds/COLORALPHA 50 Menu Interface SFX/MP3/MI_SFX 17.mp3
  artifactKey: Guid(bc4f31ede4749ac4c90e7c29b1253071) Importer(2089858483,0ecaa5967403d082aa24f35e1b516d23)
Start importing Assets/Sounds/COLORALPHA 50 Menu Interface SFX/MP3/MI_SFX 17.mp3 using Guid(bc4f31ede4749ac4c90e7c29b1253071) Importer(2089858483,0ecaa5967403d082aa24f35e1b516d23) Generated GUIDs only implemented for interfaces!
 -> (artifact id: '87c21bb72ace83209e1473da7807e678') in 0.052381 seconds
Number of updated asset objects reloaded before import = 0
Number of asset objects unloaded after import = 1
========================================================================
Received Import Request.
  Time since last request: 0.000013 seconds.
  path: Assets/Sounds/COLORALPHA 50 Menu Interface SFX/FLAC/MI_SFX 06.flac
  artifactKey: Guid(9c221a9162ef42743a1e0ad1ba86ce2e) Importer(2089858483,0ecaa5967403d082aa24f35e1b516d23)
Start importing Assets/Sounds/COLORALPHA 50 Menu Interface SFX/FLAC/MI_SFX 06.flac using Guid(9c221a9162ef42743a1e0ad1ba86ce2e) Importer(2089858483,0ecaa5967403d082aa24f35e1b516d23) Generated GUIDs only implemented for interfaces!
 -> (artifact id: 'bb9f53719bc770cc6d5075e8cb2cbed9') in 0.052300 seconds
Number of updated asset objects reloaded before import = 0
Number of asset objects unloaded after import = 1
========================================================================
Received Import Request.
  Time since last request: 0.000016 seconds.
  path: Assets/Sounds/COLORALPHA 50 Menu Interface SFX/FLAC/MI_SFX 07.flac
  artifactKey: Guid(64bf0ac72626c8f4dbe0ce4147ce9d05) Importer(2089858483,0ecaa5967403d082aa24f35e1b516d23)
Start importing Assets/Sounds/COLORALPHA 50 Menu Interface SFX/FLAC/MI_SFX 07.flac using Guid(64bf0ac72626c8f4dbe0ce4147ce9d05) Importer(2089858483,0ecaa5967403d082aa24f35e1b516d23) Generated GUIDs only implemented for interfaces!
 -> (artifact id: '7e6d6ddd46d7bcb017b67ff3367c8c5c') in 0.050394 seconds
Number of updated asset objects reloaded before import = 0
Number of asset objects unloaded after import = 1
========================================================================
Received Import Request.
  Time since last request: 0.000027 seconds.
  path: Assets/Sounds/COLORALPHA 50 Menu Interface SFX/FLAC/MI_SFX 18.flac
  artifactKey: Guid(9837ad135a718f0449e04c5e111c642b) Importer(2089858483,0ecaa5967403d082aa24f35e1b516d23)
Start importing Assets/Sounds/COLORALPHA 50 Menu Interface SFX/FLAC/MI_SFX 18.flac using Guid(9837ad135a718f0449e04c5e111c642b) Importer(2089858483,0ecaa5967403d082aa24f35e1b516d23) Generated GUIDs only implemented for interfaces!
 -> (artifact id: '9192fad5ba744a06eaeb29b2676bb897') in 0.054790 seconds
Number of updated asset objects reloaded before import = 0
Number of asset objects unloaded after import = 1
========================================================================
Received Import Request.
  Time since last request: 0.000013 seconds.
  path: Assets/Sounds/COLORALPHA 50 Menu Interface SFX/MP3/MI_SFX 15.mp3
  artifactKey: Guid(98b278b1b0a989143bb0bc3c2ffb8ea5) Importer(2089858483,0ecaa5967403d082aa24f35e1b516d23)
Start importing Assets/Sounds/COLORALPHA 50 Menu Interface SFX/MP3/MI_SFX 15.mp3 using Guid(98b278b1b0a989143bb0bc3c2ffb8ea5) Importer(2089858483,0ecaa5967403d082aa24f35e1b516d23) Generated GUIDs only implemented for interfaces!
 -> (artifact id: 'de090e6b036fd770b1753717c8bc960e') in 0.049483 seconds
Number of updated asset objects reloaded before import = 0
Number of asset objects unloaded after import = 1
========================================================================
Received Import Request.
  Time since last request: 0.000012 seconds.
  path: Assets/Sounds/COLORALPHA 50 Menu Interface SFX/FLAC/MI_SFX 28.flac
  artifactKey: Guid(cbc7f19f170ee284e937c0de62abe390) Importer(2089858483,0ecaa5967403d082aa24f35e1b516d23)
Start importing Assets/Sounds/COLORALPHA 50 Menu Interface SFX/FLAC/MI_SFX 28.flac using Guid(cbc7f19f170ee284e937c0de62abe390) Importer(2089858483,0ecaa5967403d082aa24f35e1b516d23) Generated GUIDs only implemented for interfaces!
 -> (artifact id: '6cd54d0b18d63458c9f18cbfbd9435c9') in 0.055893 seconds
Number of updated asset objects reloaded before import = 0
Number of asset objects unloaded after import = 1
========================================================================
Received Import Request.
  Time since last request: 0.000019 seconds.
  path: Assets/Sounds/COLORALPHA 50 Menu Interface SFX/FLAC/MI_SFX 29.flac
  artifactKey: Guid(f01f863fcfe4eee40b8ff95d132f7905) Importer(2089858483,0ecaa5967403d082aa24f35e1b516d23)
Start importing Assets/Sounds/COLORALPHA 50 Menu Interface SFX/FLAC/MI_SFX 29.flac using Guid(f01f863fcfe4eee40b8ff95d132f7905) Importer(2089858483,0ecaa5967403d082aa24f35e1b516d23) Generated GUIDs only implemented for interfaces!
 -> (artifact id: '3c77528391d20160ec288415038ced18') in 0.054911 seconds
Number of updated asset objects reloaded before import = 0
Number of asset objects unloaded after import = 1
========================================================================
Received Import Request.
  Time since last request: 0.000013 seconds.
  path: Assets/Sounds/COLORALPHA 50 Menu Interface SFX/MP3/MI_SFX 42.mp3.asd
  artifactKey: Guid(27c52c27282c19947976441733de85b6) Importer(2089858483,0ecaa5967403d082aa24f35e1b516d23)
Start importing Assets/Sounds/COLORALPHA 50 Menu Interface SFX/MP3/MI_SFX 42.mp3.asd using Guid(27c52c27282c19947976441733de85b6) Importer(2089858483,0ecaa5967403d082aa24f35e1b516d23) Generated GUIDs only implemented for interfaces!
 -> (artifact id: 'd3e7e61e760bf5b3343cfa8a6c1cf023') in 0.007414 seconds
Number of updated asset objects reloaded before import = 0
Number of asset objects unloaded after import = 1
========================================================================
Received Import Request.
  Time since last request: 0.000022 seconds.
  path: Assets/Sounds/COLORALPHA 50 Menu Interface SFX/MP3/MI_SFX 30.mp3
  artifactKey: Guid(a185622b1ebcde248b5631198f16b133) Importer(2089858483,0ecaa5967403d082aa24f35e1b516d23)
Start importing Assets/Sounds/COLORALPHA 50 Menu Interface SFX/MP3/MI_SFX 30.mp3 using Guid(a185622b1ebcde248b5631198f16b133) Importer(2089858483,0ecaa5967403d082aa24f35e1b516d23) Generated GUIDs only implemented for interfaces!
 -> (artifact id: '70c386df119b00983bf972715b856c0f') in 0.057733 seconds
Number of updated asset objects reloaded before import = 0
Number of asset objects unloaded after import = 1
========================================================================
Received Import Request.
  Time since last request: 0.000015 seconds.
  path: Assets/Sounds/COLORALPHA 50 Menu Interface SFX/MP3/MI_SFX 33.mp3.asd
  artifactKey: Guid(ecd7c1a15500cc04f9f631eaeb17b02b) Importer(2089858483,0ecaa5967403d082aa24f35e1b516d23)
Start importing Assets/Sounds/COLORALPHA 50 Menu Interface SFX/MP3/MI_SFX 33.mp3.asd using Guid(ecd7c1a15500cc04f9f631eaeb17b02b) Importer(2089858483,0ecaa5967403d082aa24f35e1b516d23) Generated GUIDs only implemented for interfaces!
 -> (artifact id: '743ca40d20e57c185edc5f9a7e7d88fe') in 0.008033 seconds
Number of updated asset objects reloaded before import = 0
Number of asset objects unloaded after import = 1
========================================================================
Received Import Request.
  Time since last request: 0.000037 seconds.
  path: Assets/Sounds/COLORALPHA 50 Menu Interface SFX/MP3/MI_SFX 45.mp3
  artifactKey: Guid(b6e762fb42c1e77428d285d72bc6eded) Importer(2089858483,0ecaa5967403d082aa24f35e1b516d23)
Start importing Assets/Sounds/COLORALPHA 50 Menu Interface SFX/MP3/MI_SFX 45.mp3 using Guid(b6e762fb42c1e77428d285d72bc6eded) Importer(2089858483,0ecaa5967403d082aa24f35e1b516d23) Generated GUIDs only implemented for interfaces!
 -> (artifact id: 'e0aec365975e004c17aec6dcada8d431') in 0.053220 seconds
Number of updated asset objects reloaded before import = 0
Number of asset objects unloaded after import = 1
========================================================================
Received Import Request.
  Time since last request: 0.000013 seconds.
  path: Assets/Sounds/COLORALPHA 50 Menu Interface SFX/MP3/MI_SFX 38.mp3
  artifactKey: Guid(7c8d8bb82084ccd45b2ed3ccc3aa9c3e) Importer(2089858483,0ecaa5967403d082aa24f35e1b516d23)
Start importing Assets/Sounds/COLORALPHA 50 Menu Interface SFX/MP3/MI_SFX 38.mp3 using Guid(7c8d8bb82084ccd45b2ed3ccc3aa9c3e) Importer(2089858483,0ecaa5967403d082aa24f35e1b516d23) Generated GUIDs only implemented for interfaces!
 -> (artifact id: 'd4027cedc357f000125b4f7da5ae278d') in 0.053006 seconds
Number of updated asset objects reloaded before import = 0
Number of asset objects unloaded after import = 1
========================================================================
Received Import Request.
  Time since last request: 0.000013 seconds.
  path: Assets/Sounds/COLORALPHA 50 Menu Interface SFX/MP3/MI_SFX 35.mp3.asd
  artifactKey: Guid(c59bf90de421995499cfdc737e72fad2) Importer(2089858483,0ecaa5967403d082aa24f35e1b516d23)
Start importing Assets/Sounds/COLORALPHA 50 Menu Interface SFX/MP3/MI_SFX 35.mp3.asd using Guid(c59bf90de421995499cfdc737e72fad2) Importer(2089858483,0ecaa5967403d082aa24f35e1b516d23) Generated GUIDs only implemented for interfaces!
 -> (artifact id: 'fe9058251bb56e6c3e666b90f56379ce') in 0.007826 seconds
Number of updated asset objects reloaded before import = 0
Number of asset objects unloaded after import = 1
========================================================================
Received Import Request.
  Time since last request: 0.000013 seconds.
  path: Assets/Sounds/COLORALPHA 50 Menu Interface SFX/MP3/MI_SFX 22.mp3.asd
  artifactKey: Guid(ad5fb95825bf2b145a59cc32cab2385f) Importer(2089858483,0ecaa5967403d082aa24f35e1b516d23)
Start importing Assets/Sounds/COLORALPHA 50 Menu Interface SFX/MP3/MI_SFX 22.mp3.asd using Guid(ad5fb95825bf2b145a59cc32cab2385f) Importer(2089858483,0ecaa5967403d082aa24f35e1b516d23) Generated GUIDs only implemented for interfaces!
 -> (artifact id: '68dc05dc86a136cfbb74b4cd0bc9aa22') in 0.008063 seconds
Number of updated asset objects reloaded before import = 0
Number of asset objects unloaded after import = 1
========================================================================
Received Import Request.
  Time since last request: 0.000028 seconds.
  path: Assets/Sounds/COLORALPHA 50 Menu Interface SFX/MP3/MI_SFX 44.mp3.asd
  artifactKey: Guid(6d39da5e70f58ae4ca5b6bb9b77b0d50) Importer(2089858483,0ecaa5967403d082aa24f35e1b516d23)
Start importing Assets/Sounds/COLORALPHA 50 Menu Interface SFX/MP3/MI_SFX 44.mp3.asd using Guid(6d39da5e70f58ae4ca5b6bb9b77b0d50) Importer(2089858483,0ecaa5967403d082aa24f35e1b516d23) Generated GUIDs only implemented for interfaces!
 -> (artifact id: '002a6b8a11e968bfac49aa3e5e6bd3da') in 0.009441 seconds
Number of updated asset objects reloaded before import = 0
Number of asset objects unloaded after import = 1
========================================================================
Received Import Request.
  Time since last request: 0.000028 seconds.
  path: Assets/Sounds/COLORALPHA 50 Menu Interface SFX/MP3/MI_SFX 38.mp3.asd
  artifactKey: Guid(db01d48e9fa22ff468b884e6a11383b0) Importer(2089858483,0ecaa5967403d082aa24f35e1b516d23)
Start importing Assets/Sounds/COLORALPHA 50 Menu Interface SFX/MP3/MI_SFX 38.mp3.asd using Guid(db01d48e9fa22ff468b884e6a11383b0) Importer(2089858483,0ecaa5967403d082aa24f35e1b516d23) Generated GUIDs only implemented for interfaces!
 -> (artifact id: 'ad5a1403d89adce44c0f8215bc7647a4') in 0.008297 seconds
Number of updated asset objects reloaded before import = 0
Number of asset objects unloaded after import = 1
========================================================================
Received Import Request.
  Time since last request: 0.000015 seconds.
  path: Assets/Sounds/COLORALPHA 50 Menu Interface SFX/MP3/MI_SFX 39.mp3.asd
  artifactKey: Guid(dbaa16b8e8a0295459383a889afdce46) Importer(2089858483,0ecaa5967403d082aa24f35e1b516d23)
Start importing Assets/Sounds/COLORALPHA 50 Menu Interface SFX/MP3/MI_SFX 39.mp3.asd using Guid(dbaa16b8e8a0295459383a889afdce46) Importer(2089858483,0ecaa5967403d082aa24f35e1b516d23) Generated GUIDs only implemented for interfaces!
 -> (artifact id: '5c7332d11ccb042d56c41c7d1b070117') in 0.007134 seconds
Number of updated asset objects reloaded before import = 0
Number of asset objects unloaded after import = 1
========================================================================
Received Import Request.
  Time since last request: 0.000023 seconds.
  path: Assets/Sounds/COLORALPHA 50 Menu Interface SFX/MP3/MI_SFX 40.mp3
  artifactKey: Guid(1068637d20fc0e14f835900a7ac15c28) Importer(2089858483,0ecaa5967403d082aa24f35e1b516d23)
Start importing Assets/Sounds/COLORALPHA 50 Menu Interface SFX/MP3/MI_SFX 40.mp3 using Guid(1068637d20fc0e14f835900a7ac15c28) Importer(2089858483,0ecaa5967403d082aa24f35e1b516d23) Generated GUIDs only implemented for interfaces!
 -> (artifact id: '0374a2b98652b64773c6ce7d8590925e') in 0.052424 seconds
Number of updated asset objects reloaded before import = 0
Number of asset objects unloaded after import = 1
========================================================================
Received Import Request.
  Time since last request: 0.000020 seconds.
  path: Assets/Sounds/COLORALPHA 50 Menu Interface SFX/MP3/MI_SFX 23.mp3.asd
  artifactKey: Guid(d8e8141b95a169d449cbb6cd50ec5c1e) Importer(2089858483,0ecaa5967403d082aa24f35e1b516d23)
Start importing Assets/Sounds/COLORALPHA 50 Menu Interface SFX/MP3/MI_SFX 23.mp3.asd using Guid(d8e8141b95a169d449cbb6cd50ec5c1e) Importer(2089858483,0ecaa5967403d082aa24f35e1b516d23) Generated GUIDs only implemented for interfaces!
 -> (artifact id: '6947387b4fd7a9bd2027a6a7ad5cb22c') in 0.007506 seconds
Number of updated asset objects reloaded before import = 0
Number of asset objects unloaded after import = 1
========================================================================
Received Import Request.
  Time since last request: 0.000016 seconds.
  path: Assets/Sounds/COLORALPHA 50 Menu Interface SFX/MP3/MI_SFX 29.mp3.asd
  artifactKey: Guid(821605486446984418899f50c4d8c75b) Importer(2089858483,0ecaa5967403d082aa24f35e1b516d23)
Start importing Assets/Sounds/COLORALPHA 50 Menu Interface SFX/MP3/MI_SFX 29.mp3.asd using Guid(821605486446984418899f50c4d8c75b) Importer(2089858483,0ecaa5967403d082aa24f35e1b516d23) Generated GUIDs only implemented for interfaces!
 -> (artifact id: '6d7c82907a80e2fa9500083ba2904b0c') in 0.007512 seconds
Number of updated asset objects reloaded before import = 0
Number of asset objects unloaded after import = 1
========================================================================
Received Import Request.
  Time since last request: 0.000030 seconds.
  path: Assets/Sounds/COLORALPHA 50 Menu Interface SFX/MP3/MI_SFX 26.mp3.asd
  artifactKey: Guid(805bc97693814334a93b98831e9fc773) Importer(2089858483,0ecaa5967403d082aa24f35e1b516d23)
Start importing Assets/Sounds/COLORALPHA 50 Menu Interface SFX/MP3/MI_SFX 26.mp3.asd using Guid(805bc97693814334a93b98831e9fc773) Importer(2089858483,0ecaa5967403d082aa24f35e1b516d23) Generated GUIDs only implemented for interfaces!
 -> (artifact id: 'b8f3672c9b927d9bd60e32f41f14279d') in 0.009082 seconds
Number of updated asset objects reloaded before import = 0
Number of asset objects unloaded after import = 1
========================================================================
Received Import Request.
  Time since last request: 0.000024 seconds.
  path: Assets/Sounds/COLORALPHA 50 Menu Interface SFX/MP3/MI_SFX 21.mp3
  artifactKey: Guid(c08edf3f950c46c4a8d82849aeb148fe) Importer(2089858483,0ecaa5967403d082aa24f35e1b516d23)
Start importing Assets/Sounds/COLORALPHA 50 Menu Interface SFX/MP3/MI_SFX 21.mp3 using Guid(c08edf3f950c46c4a8d82849aeb148fe) Importer(2089858483,0ecaa5967403d082aa24f35e1b516d23) Generated GUIDs only implemented for interfaces!
 -> (artifact id: '11d553598a352b4de4a827b4b73bdbdd') in 0.056272 seconds
Number of updated asset objects reloaded before import = 0
Number of asset objects unloaded after import = 1
========================================================================
Received Import Request.
  Time since last request: 0.000018 seconds.
  path: Assets/Sounds/COLORALPHA 50 Menu Interface SFX/MP3/MI_SFX 35.mp3
  artifactKey: Guid(b0cc87c4bfb39274397c81f2e1a73cfb) Importer(2089858483,0ecaa5967403d082aa24f35e1b516d23)
Start importing Assets/Sounds/COLORALPHA 50 Menu Interface SFX/MP3/MI_SFX 35.mp3 using Guid(b0cc87c4bfb39274397c81f2e1a73cfb) Importer(2089858483,0ecaa5967403d082aa24f35e1b516d23) Generated GUIDs only implemented for interfaces!
 -> (artifact id: 'e95dea663802c32c88b79e8c1715852c') in 0.053080 seconds
Number of updated asset objects reloaded before import = 0
Number of asset objects unloaded after import = 1
========================================================================
Received Import Request.
  Time since last request: 0.000018 seconds.
  path: Assets/Sounds/COLORALPHA 50 Menu Interface SFX/WAV/MI_SFX 13.wav
  artifactKey: Guid(2ccf9587f50fee54abf4d69b21273576) Importer(2089858483,0ecaa5967403d082aa24f35e1b516d23)
Start importing Assets/Sounds/COLORALPHA 50 Menu Interface SFX/WAV/MI_SFX 13.wav using Guid(2ccf9587f50fee54abf4d69b21273576) Importer(2089858483,0ecaa5967403d082aa24f35e1b516d23) Generated GUIDs only implemented for interfaces!
 -> (artifact id: 'fbd0dda756a5077b6f14ce1fa06469ab') in 0.051072 seconds
Number of updated asset objects reloaded before import = 0
Number of asset objects unloaded after import = 1
========================================================================
Received Import Request.
  Time since last request: 0.000014 seconds.
  path: Assets/Sounds/COLORALPHA 50 Menu Interface SFX/WAV/MI_SFX 09.wav
  artifactKey: Guid(f66592f5ad1694b44a8eac32288e4ae5) Importer(2089858483,0ecaa5967403d082aa24f35e1b516d23)
Start importing Assets/Sounds/COLORALPHA 50 Menu Interface SFX/WAV/MI_SFX 09.wav using Guid(f66592f5ad1694b44a8eac32288e4ae5) Importer(2089858483,0ecaa5967403d082aa24f35e1b516d23) Generated GUIDs only implemented for interfaces!
 -> (artifact id: '0c61c0b153a60596df987bc2fae3bd77') in 0.049505 seconds
Number of updated asset objects reloaded before import = 0
Number of asset objects unloaded after import = 1
========================================================================
Received Import Request.
  Time since last request: 0.000014 seconds.
  path: Assets/Sounds/COLORALPHA 50 Menu Interface SFX/WAV/MI_SFX 35.wav
  artifactKey: Guid(9f858d9163dad734c84c570d6bb08614) Importer(2089858483,0ecaa5967403d082aa24f35e1b516d23)
Start importing Assets/Sounds/COLORALPHA 50 Menu Interface SFX/WAV/MI_SFX 35.wav using Guid(9f858d9163dad734c84c570d6bb08614) Importer(2089858483,0ecaa5967403d082aa24f35e1b516d23) Generated GUIDs only implemented for interfaces!
 -> (artifact id: 'bc2e5fbf196cba1fcd094c88f8719b63') in 0.053039 seconds
Number of updated asset objects reloaded before import = 0
Number of asset objects unloaded after import = 1
========================================================================
Received Import Request.
  Time since last request: 0.000013 seconds.
  path: Assets/Sounds/COLORALPHA 50 Menu Interface SFX/WAV/MI_SFX 07.wav
  artifactKey: Guid(c0c0c1ae067ecde40823be95e0f821fc) Importer(2089858483,0ecaa5967403d082aa24f35e1b516d23)
Start importing Assets/Sounds/COLORALPHA 50 Menu Interface SFX/WAV/MI_SFX 07.wav using Guid(c0c0c1ae067ecde40823be95e0f821fc) Importer(2089858483,0ecaa5967403d082aa24f35e1b516d23) Generated GUIDs only implemented for interfaces!
 -> (artifact id: 'd094d58bde4dbb9fc98dab9bcc9b8757') in 0.049389 seconds
Number of updated asset objects reloaded before import = 0
Number of asset objects unloaded after import = 1
========================================================================
Received Import Request.
  Time since last request: 0.000014 seconds.
  path: Assets/Sounds/COLORALPHA 50 Menu Interface SFX/WAV/MI_SFX 08.wav
  artifactKey: Guid(1923cf0cc0fedb54784994b97de3de7e) Importer(2089858483,0ecaa5967403d082aa24f35e1b516d23)
Start importing Assets/Sounds/COLORALPHA 50 Menu Interface SFX/WAV/MI_SFX 08.wav using Guid(1923cf0cc0fedb54784994b97de3de7e) Importer(2089858483,0ecaa5967403d082aa24f35e1b516d23) Generated GUIDs only implemented for interfaces!
 -> (artifact id: '769d1864236b47b5bfd4ef11e6dbd2d2') in 0.047735 seconds
Number of updated asset objects reloaded before import = 0
Number of asset objects unloaded after import = 1
========================================================================
Received Import Request.
  Time since last request: 0.000020 seconds.
  path: Assets/Sounds/COLORALPHA 50 Menu Interface SFX/WAV/MI_SFX 37.wav
  artifactKey: Guid(55f7afba54339ec4586c24289c19c5bf) Importer(2089858483,0ecaa5967403d082aa24f35e1b516d23)
Start importing Assets/Sounds/COLORALPHA 50 Menu Interface SFX/WAV/MI_SFX 37.wav using Guid(55f7afba54339ec4586c24289c19c5bf) Importer(2089858483,0ecaa5967403d082aa24f35e1b516d23) Generated GUIDs only implemented for interfaces!
 -> (artifact id: '0f4d5b86652cd3713236a265c4ae9ecd') in 0.052339 seconds
Number of updated asset objects reloaded before import = 0
Number of asset objects unloaded after import = 1
========================================================================
Received Import Request.
  Time since last request: 0.000023 seconds.
  path: Assets/Sounds/COLORALPHA 50 Menu Interface SFX/WAV/MI_SFX 14.wav
  artifactKey: Guid(2a762231f562acc4fa80c4938c41bbb7) Importer(2089858483,0ecaa5967403d082aa24f35e1b516d23)
Start importing Assets/Sounds/COLORALPHA 50 Menu Interface SFX/WAV/MI_SFX 14.wav using Guid(2a762231f562acc4fa80c4938c41bbb7) Importer(2089858483,0ecaa5967403d082aa24f35e1b516d23) Generated GUIDs only implemented for interfaces!
 -> (artifact id: 'ef14aa3762476eafca7dac48e4fbfdc4') in 0.052189 seconds
Number of updated asset objects reloaded before import = 0
Number of asset objects unloaded after import = 1
========================================================================
Received Import Request.
  Time since last request: 0.000014 seconds.
  path: Assets/Sounds/COLORALPHA 50 Menu Interface SFX/WAV/MI_SFX 16.wav
  artifactKey: Guid(450a7bc674076b5429ce627fa784f595) Importer(2089858483,0ecaa5967403d082aa24f35e1b516d23)
Start importing Assets/Sounds/COLORALPHA 50 Menu Interface SFX/WAV/MI_SFX 16.wav using Guid(450a7bc674076b5429ce627fa784f595) Importer(2089858483,0ecaa5967403d082aa24f35e1b516d23) Generated GUIDs only implemented for interfaces!
 -> (artifact id: '0db349565daad4625be671580c8bb6b6') in 0.051404 seconds
Number of updated asset objects reloaded before import = 0
Number of asset objects unloaded after import = 1
========================================================================
Received Import Request.
  Time since last request: 0.000018 seconds.
  path: Assets/Sounds/COLORALPHA 50 Menu Interface SFX/WAV/MI_SFX 32.wav
  artifactKey: Guid(a47ab14e8ab2c1d49bd303bb2312262d) Importer(2089858483,0ecaa5967403d082aa24f35e1b516d23)
Start importing Assets/Sounds/COLORALPHA 50 Menu Interface SFX/WAV/MI_SFX 32.wav using Guid(a47ab14e8ab2c1d49bd303bb2312262d) Importer(2089858483,0ecaa5967403d082aa24f35e1b516d23) Generated GUIDs only implemented for interfaces!
 -> (artifact id: 'fc2f35fc36db8482e17177360dcd279e') in 0.050859 seconds
Number of updated asset objects reloaded before import = 0
Number of asset objects unloaded after import = 1
========================================================================
Received Import Request.
  Time since last request: 0.000012 seconds.
  path: Assets/Sounds/COLORALPHA 50 Menu Interface SFX/WAV/MI_SFX 11.wav
  artifactKey: Guid(1b2d306b7e30a394a83332b2d82b6588) Importer(2089858483,0ecaa5967403d082aa24f35e1b516d23)
Start importing Assets/Sounds/COLORALPHA 50 Menu Interface SFX/WAV/MI_SFX 11.wav using Guid(1b2d306b7e30a394a83332b2d82b6588) Importer(2089858483,0ecaa5967403d082aa24f35e1b516d23) Generated GUIDs only implemented for interfaces!
 -> (artifact id: '79c9b23c231bb9e822213899b2480bbe') in 0.051315 seconds
Number of updated asset objects reloaded before import = 0
Number of asset objects unloaded after import = 1
========================================================================
Received Import Request.
  Time since last request: 0.000016 seconds.
  path: Assets/TextMesh Pro/Resources/Fonts & Materials/LiberationSans SDF - Drop Shadow.mat
  artifactKey: Guid(e73a58f6e2794ae7b1b7e50b7fb811b0) Importer(2089858483,0ecaa5967403d082aa24f35e1b516d23)
Start importing Assets/TextMesh Pro/Resources/Fonts & Materials/LiberationSans SDF - Drop Shadow.mat using Guid(e73a58f6e2794ae7b1b7e50b7fb811b0) Importer(2089858483,0ecaa5967403d082aa24f35e1b516d23) Generated GUIDs only implemented for interfaces!
 -> (artifact id: '6400ef5c7bbd4607fad59df5ba7d006e') in 0.033181 seconds
Number of updated asset objects reloaded before import = 0
Number of asset objects unloaded after import = 2
========================================================================
Received Import Request.
  Time since last request: 0.000018 seconds.
  path: Assets/TextMesh Pro/Resources/Fonts & Materials/LiberationSans SDF - Outline.mat
  artifactKey: Guid(79459efec17a4d00a321bdcc27bbc385) Importer(2089858483,0ecaa5967403d082aa24f35e1b516d23)
Start importing Assets/TextMesh Pro/Resources/Fonts & Materials/LiberationSans SDF - Outline.mat using Guid(79459efec17a4d00a321bdcc27bbc385) Importer(2089858483,0ecaa5967403d082aa24f35e1b516d23) Generated GUIDs only implemented for interfaces!
 -> (artifact id: 'c6c0db3da07472d28ffe4e3dbc1c9d96') in 0.023654 seconds
Number of updated asset objects reloaded before import = 0
Number of asset objects unloaded after import = 2
========================================================================
Received Import Request.
  Time since last request: 0.000023 seconds.
  path: Assets/TextMesh Pro/Resources/Fonts & Materials/LiberationSans SDF.asset
  artifactKey: Guid(8f586378b4e144a9851e7b34d9b748ee) Importer(2089858483,0ecaa5967403d082aa24f35e1b516d23)
Start importing Assets/TextMesh Pro/Resources/Fonts & Materials/LiberationSans SDF.asset using Guid(8f586378b4e144a9851e7b34d9b748ee) Importer(2089858483,0ecaa5967403d082aa24f35e1b516d23) Generated GUIDs only implemented for interfaces!
 -> (artifact id: 'dc5ca2eade08c825ffb2d9e058a20d14') in 0.050677 seconds
Number of updated asset objects reloaded before import = 0
Number of asset objects unloaded after import = 8
========================================================================
Received Import Request.
  Time since last request: 0.000013 seconds.
  path: Assets/Sounds/COLORALPHA 50 Menu Interface SFX/WAV/MI_SFX 01.wav
  artifactKey: Guid(f90cd4e86f52ece48939694cc32826c8) Importer(2089858483,0ecaa5967403d082aa24f35e1b516d23)
Start importing Assets/Sounds/COLORALPHA 50 Menu Interface SFX/WAV/MI_SFX 01.wav using Guid(f90cd4e86f52ece48939694cc32826c8) Importer(2089858483,0ecaa5967403d082aa24f35e1b516d23) Generated GUIDs only implemented for interfaces!
 -> (artifact id: '4864e25d1294de22afebc7c8293e53f0') in 0.053461 seconds
Number of updated asset objects reloaded before import = 0
Number of asset objects unloaded after import = 1
========================================================================
Received Import Request.
  Time since last request: 0.000015 seconds.
  path: Assets/TextMesh Pro/Resources/Sprite Assets/EmojiOne.asset
  artifactKey: Guid(c41005c129ba4d66911b75229fd70b45) Importer(2089858483,0ecaa5967403d082aa24f35e1b516d23)
Start importing Assets/TextMesh Pro/Resources/Sprite Assets/EmojiOne.asset using Guid(c41005c129ba4d66911b75229fd70b45) Importer(2089858483,0ecaa5967403d082aa24f35e1b516d23) Generated GUIDs only implemented for interfaces!
 -> (artifact id: 'd6b757a3c6ee145d1728dc0b294b2821') in 0.012626 seconds
Number of updated asset objects reloaded before import = 0
Number of asset objects unloaded after import = 3
========================================================================
Received Import Request.
  Time since last request: 0.000014 seconds.
  path: Assets/Sounds/COLORALPHA 50 Menu Interface SFX/WAV/MI_SFX 33.wav
  artifactKey: Guid(3f7bde289fa87fc4dab2d9fe7939e377) Importer(2089858483,0ecaa5967403d082aa24f35e1b516d23)
Start importing Assets/Sounds/COLORALPHA 50 Menu Interface SFX/WAV/MI_SFX 33.wav using Guid(3f7bde289fa87fc4dab2d9fe7939e377) Importer(2089858483,0ecaa5967403d082aa24f35e1b516d23) Generated GUIDs only implemented for interfaces!
 -> (artifact id: 'ef8aca21b990d6cfb0b129c8c5e02750') in 0.054527 seconds
Number of updated asset objects reloaded before import = 0
Number of asset objects unloaded after import = 1
========================================================================
Received Import Request.
  Time since last request: 0.000012 seconds.
  path: Assets/Sounds/COLORALPHA 50 Menu Interface SFX/MP3/MI_SFX 21.mp3.asd
  artifactKey: Guid(16e9ff06cd8bd2b47a6b02880b198e51) Importer(2089858483,0ecaa5967403d082aa24f35e1b516d23)
Start importing Assets/Sounds/COLORALPHA 50 Menu Interface SFX/MP3/MI_SFX 21.mp3.asd using Guid(16e9ff06cd8bd2b47a6b02880b198e51) Importer(2089858483,0ecaa5967403d082aa24f35e1b516d23) Generated GUIDs only implemented for interfaces!
 -> (artifact id: '785d3e1b0a2f37dd4eaeb5a8befa9ca5') in 0.010691 seconds
Number of updated asset objects reloaded before import = 0
Number of asset objects unloaded after import = 1
========================================================================
Received Import Request.
  Time since last request: 0.000030 seconds.
  path: Assets/Sounds/COLORALPHA 50 Menu Interface SFX/MP3/MI_SFX 40.mp3.asd
  artifactKey: Guid(8ce719c3df071f942b9c5d5598089287) Importer(2089858483,0ecaa5967403d082aa24f35e1b516d23)
Start importing Assets/Sounds/COLORALPHA 50 Menu Interface SFX/MP3/MI_SFX 40.mp3.asd using Guid(8ce719c3df071f942b9c5d5598089287) Importer(2089858483,0ecaa5967403d082aa24f35e1b516d23) Generated GUIDs only implemented for interfaces!
 -> (artifact id: 'c526d09a81bde51015fd211ad0ee5fe9') in 0.008505 seconds
Number of updated asset objects reloaded before import = 0
Number of asset objects unloaded after import = 1
========================================================================
Received Import Request.
  Time since last request: 0.000016 seconds.
  path: Assets/1.1 - FREE CASUAL PACK SFX/TICKING CLOCK/TICKING CLOCK 2.wav
  artifactKey: Guid(f829e8a42c4ff334cbe95830c24132e8) Importer(2089858483,0ecaa5967403d082aa24f35e1b516d23)
Start importing Assets/1.1 - FREE CASUAL PACK SFX/TICKING CLOCK/TICKING CLOCK 2.wav using Guid(f829e8a42c4ff334cbe95830c24132e8) Importer(2089858483,0ecaa5967403d082aa24f35e1b516d23) Generated GUIDs only implemented for interfaces!
 -> (artifact id: '2ea5a3c91a530e193c9500b0e7857101') in 0.055242 seconds
Number of updated asset objects reloaded before import = 0
Number of asset objects unloaded after import = 1
========================================================================
Received Import Request.
  Time since last request: 0.000017 seconds.
  path: Assets/Footsteps - Essentials/Footsteps_Grass/Footsteps_Grass_Walk/Footsteps_Walk_Grass_Mono_47.wav
  artifactKey: Guid(6d1a50aa1ed16a645bfc3a480d77712c) Importer(2089858483,0ecaa5967403d082aa24f35e1b516d23)
Start importing Assets/Footsteps - Essentials/Footsteps_Grass/Footsteps_Grass_Walk/Footsteps_Walk_Grass_Mono_47.wav using Guid(6d1a50aa1ed16a645bfc3a480d77712c) Importer(2089858483,0ecaa5967403d082aa24f35e1b516d23) Generated GUIDs only implemented for interfaces!
 -> (artifact id: '99ba05d20e9d0085a6cd25e733701127') in 0.035061 seconds
Number of updated asset objects reloaded before import = 0
Number of asset objects unloaded after import = 1
========================================================================
Received Import Request.
  Time since last request: 0.000021 seconds.
  path: Assets/Footsteps - Essentials/Footsteps_Grass/Footsteps_Grass_Walk/Footsteps_Walk_Grass_Mono_26.wav
  artifactKey: Guid(a1d0e2d83ca2030428f1c772f47b9087) Importer(2089858483,0ecaa5967403d082aa24f35e1b516d23)
Start importing Assets/Footsteps - Essentials/Footsteps_Grass/Footsteps_Grass_Walk/Footsteps_Walk_Grass_Mono_26.wav using Guid(a1d0e2d83ca2030428f1c772f47b9087) Importer(2089858483,0ecaa5967403d082aa24f35e1b516d23) Generated GUIDs only implemented for interfaces!
 -> (artifact id: 'bccf0d3cb6a520d2881f95863204140e') in 0.032063 seconds
Number of updated asset objects reloaded before import = 0
Number of asset objects unloaded after import = 1
========================================================================
Received Import Request.
  Time since last request: 0.000016 seconds.
  path: Assets/Sounds/COLORALPHA 50 Menu Interface SFX/FLAC/MI_SFX 36.flac
  artifactKey: Guid(4f476b8fa2dbc0c419517abb3df85f73) Importer(2089858483,0ecaa5967403d082aa24f35e1b516d23)
Start importing Assets/Sounds/COLORALPHA 50 Menu Interface SFX/FLAC/MI_SFX 36.flac using Guid(4f476b8fa2dbc0c419517abb3df85f73) Importer(2089858483,0ecaa5967403d082aa24f35e1b516d23) Generated GUIDs only implemented for interfaces!
 -> (artifact id: 'c980eecaf10bb5e787af636c4e68ab94') in 0.052838 seconds
Number of updated asset objects reloaded before import = 0
Number of asset objects unloaded after import = 1
========================================================================
Received Import Request.
  Time since last request: 0.000012 seconds.
  path: Assets/8-Bit Style Sound Effects/Lo-Fi_8-Bit_11025Hz [Tiny Files]/Sensor 02_8-Bit_11025Hz.wav
  artifactKey: Guid(a5d0a314d3bcdf943a8c8cdab68d3a50) Importer(2089858483,0ecaa5967403d082aa24f35e1b516d23)
Start importing Assets/8-Bit Style Sound Effects/Lo-Fi_8-Bit_11025Hz [Tiny Files]/Sensor 02_8-Bit_11025Hz.wav using Guid(a5d0a314d3bcdf943a8c8cdab68d3a50) Importer(2089858483,0ecaa5967403d082aa24f35e1b516d23) Generated GUIDs only implemented for interfaces!
 -> (artifact id: '402f6e9572814ed9f225b84384d3e91f') in 0.037737 seconds
Number of updated asset objects reloaded before import = 0
Number of asset objects unloaded after import = 1
========================================================================
Received Import Request.
  Time since last request: 0.000014 seconds.
  path: Assets/Sounds/COLORALPHA 50 Menu Interface SFX/FLAC/MI_SFX 41.flac
  artifactKey: Guid(b59c132e319ffb14f9fab1bf0db35f83) Importer(2089858483,0ecaa5967403d082aa24f35e1b516d23)
Start importing Assets/Sounds/COLORALPHA 50 Menu Interface SFX/FLAC/MI_SFX 41.flac using Guid(b59c132e319ffb14f9fab1bf0db35f83) Importer(2089858483,0ecaa5967403d082aa24f35e1b516d23) Generated GUIDs only implemented for interfaces!
 -> (artifact id: '290be5161157c2d80306d338ecf9302f') in 0.052412 seconds
Number of updated asset objects reloaded before import = 0
Number of asset objects unloaded after import = 1
========================================================================
Received Import Request.
  Time since last request: 0.000012 seconds.
  path: Assets/Animations/wolf run.anim
  artifactKey: Guid(4aa995dbca49c5b4b80009ad193ac5e1) Importer(2089858483,0ecaa5967403d082aa24f35e1b516d23)
Start importing Assets/Animations/wolf run.anim using Guid(4aa995dbca49c5b4b80009ad193ac5e1) Importer(2089858483,0ecaa5967403d082aa24f35e1b516d23) Generated GUIDs only implemented for interfaces!
 -> (artifact id: '2079d6430b209c7385f14f7023c5a78c') in 0.010563 seconds
Number of updated asset objects reloaded before import = 0
Number of asset objects unloaded after import = 1
========================================================================
Received Import Request.
  Time since last request: 0.000013 seconds.
  path: Assets/TextMesh Pro/Shaders/TMPro_Properties.cginc
  artifactKey: Guid(3997e2241185407d80309a82f9148466) Importer(2089858483,0ecaa5967403d082aa24f35e1b516d23)
Start importing Assets/TextMesh Pro/Shaders/TMPro_Properties.cginc using Guid(3997e2241185407d80309a82f9148466) Importer(2089858483,0ecaa5967403d082aa24f35e1b516d23) Generated GUIDs only implemented for interfaces!
 -> (artifact id: '4442a24f510945dcc6f467aa94e15095') in 0.010717 seconds
Number of updated asset objects reloaded before import = 0
Number of asset objects unloaded after import = 1
========================================================================
Received Import Request.
  Time since last request: 0.000014 seconds.
  path: Assets/Sounds/COLORALPHA 50 Menu Interface SFX/FLAC/MI_SFX 26.flac
  artifactKey: Guid(e83876a9fd46c894a96e9c49b6b7e3f9) Importer(2089858483,0ecaa5967403d082aa24f35e1b516d23)
Start importing Assets/Sounds/COLORALPHA 50 Menu Interface SFX/FLAC/MI_SFX 26.flac using Guid(e83876a9fd46c894a96e9c49b6b7e3f9) Importer(2089858483,0ecaa5967403d082aa24f35e1b516d23) Generated GUIDs only implemented for interfaces!
 -> (artifact id: '374c22f8ac9702d96527fae1f00b21b9') in 0.056234 seconds
Number of updated asset objects reloaded before import = 0
Number of asset objects unloaded after import = 1
========================================================================
Received Import Request.
  Time since last request: 0.000015 seconds.
  path: Assets/1.1 - FREE CASUAL PACK SFX/(README) WELCOME_FREE CASUAL PACK SFX.txt
  artifactKey: Guid(8dc69ef1d5b95dd48b0e5599b3de71d0) Importer(2089858483,0ecaa5967403d082aa24f35e1b516d23)
Start importing Assets/1.1 - FREE CASUAL PACK SFX/(README) WELCOME_FREE CASUAL PACK SFX.txt using Guid(8dc69ef1d5b95dd48b0e5599b3de71d0) Importer(2089858483,0ecaa5967403d082aa24f35e1b516d23) Generated GUIDs only implemented for interfaces!
 -> (artifact id: '373635b073335f399dec47d0e8e5b5ac') in 0.019060 seconds
Number of updated asset objects reloaded before import = 0
Number of asset objects unloaded after import = 1
========================================================================
Received Import Request.
  Time since last request: 0.000024 seconds.
  path: Assets/8-Bit Style Sound Effects/Lo-Fi_8-Bit_11025Hz [Tiny Files]/Hurt_C_06_8-Bit_11025Hz.wav
  artifactKey: Guid(4dec70f687ad60449b4a76824ed20a56) Importer(2089858483,0ecaa5967403d082aa24f35e1b516d23)
Start importing Assets/8-Bit Style Sound Effects/Lo-Fi_8-Bit_11025Hz [Tiny Files]/Hurt_C_06_8-Bit_11025Hz.wav using Guid(4dec70f687ad60449b4a76824ed20a56) Importer(2089858483,0ecaa5967403d082aa24f35e1b516d23) Generated GUIDs only implemented for interfaces!
 -> (artifact id: '4623f1c9612cf70d9ef38e064391d9db') in 0.030637 seconds
Number of updated asset objects reloaded before import = 0
Number of asset objects unloaded after import = 1
========================================================================
Received Prepare
Refreshing native plugins compatible for Editor in 6.64 ms, found 4 plugins.
Preloading 0 native plugins for Editor in 0.00 ms.
Unloading 31 Unused Serialized files (Serialized files now loaded: 0)
Unloading 32 unused Assets / (2.8 MB). Loaded Objects now: 4594.
Memory consumption went from 91.5 MB to 88.7 MB.
Total: 6.558700 ms (FindLiveObjects: 0.475500 ms CreateObjectMapping: 0.294000 ms MarkObjects: 4.812600 ms  DeleteObjects: 0.975700 ms)

Prepare: number of updated asset objects reloaded= 0
AssetImportParameters requested are different than current active one (requested -> active):
  custom:container-demuxer-ogg: 62fdf1f143b41e24485cea50d1cbac27 -> 
  custom:video-decoder-ogg-theora: a1e56fd34408186e4bbccfd4996cb3dc -> 
  custom:framework-win-MediaFoundation: 216162199b28c13a410421893ffa2e32 -> 
  custom:CustomObjectIndexerAttribute: 756ad292c208cfabdd7b50bc23989ffe -> 
  custom:container-demuxer-webm: 4f35f7cbe854078d1ac9338744f61a02 -> 
  custom:container-muxer-webm: aa71ff27fc2769a1b78a27578f13a17b -> 
  custom:video-decoder-webm-vp8: 9c59270c3fd7afecdb556c50c9e8de78 -> 
  custom:SearchIndexIgnoredProperties: e643bd26f0fe6173181afceb89e7c659 -> 
  custom:AudioImporter_EditorPlatform: d09bf68614088b80899f8185d706f6e7 -> 
  custom:video-encoder-webm-vp8: eb34c28f22e8b96e1ab97ce403110664 -> 
  custom:audio-decoder-ogg-vorbis: bf7c407c2cedff20999df2af8eb42d56 -> 
  custom:audio-encoder-webm-vorbis: bf7c407c2cedff20999df2af8eb42d56 -> 
========================================================================
Received Import Request.
  Time since last request: 53.397370 seconds.
  path: Assets/Sprites/logoHerdingHero.png
  artifactKey: Guid(2c68ee4511a7dcf45b7b086d4658a9e3) Importer(2089858483,0ecaa5967403d082aa24f35e1b516d23)
Start importing Assets/Sprites/logoHerdingHero.png using Guid(2c68ee4511a7dcf45b7b086d4658a9e3) Importer(2089858483,0ecaa5967403d082aa24f35e1b516d23) Generated GUIDs only implemented for interfaces!
 -> (artifact id: '490b88d8c4150fa3486f51e4a0dad2e0') in 0.020665 seconds
Number of updated asset objects reloaded before import = 0
Number of asset objects unloaded after import = 3
========================================================================
Received Import Request.
  Time since last request: 1.186428 seconds.
  path: Assets/TextMesh Pro/Sprites/EmojiOne.png
  artifactKey: Guid(dffef66376be4fa480fb02b19edbe903) Importer(815301076,1909f56bfc062723c751e8b465ee728b)
Start importing Assets/TextMesh Pro/Sprites/EmojiOne.png using Guid(dffef66376be4fa480fb02b19edbe903) Importer(815301076,1909f56bfc062723c751e8b465ee728b)  -> (artifact id: '3aef57ac68a8b0c5d8536310f4e2f50e') in 0.048285 seconds
Number of updated asset objects reloaded before import = 0
Number of asset objects unloaded after import = 2
========================================================================
Received Import Request.
  Time since last request: 2.390418 seconds.
  path: Assets/Sprites/logoHerdingHero.png
  artifactKey: Guid(2c68ee4511a7dcf45b7b086d4658a9e3) Importer(815301076,1909f56bfc062723c751e8b465ee728b)
Start importing Assets/Sprites/logoHerdingHero.png using Guid(2c68ee4511a7dcf45b7b086d4658a9e3) Importer(815301076,1909f56bfc062723c751e8b465ee728b)  -> (artifact id: '7b0d9e7b8e06d175a94c084e954959cb') in 0.036832 seconds
Number of updated asset objects reloaded before import = 0
Number of asset objects unloaded after import = 3
========================================================================
Received Prepare
Refreshing native plugins compatible for Editor in 8.22 ms, found 4 plugins.
Preloading 0 native plugins for Editor in 0.00 ms.
Unloading 31 Unused Serialized files (Serialized files now loaded: 0)
Unloading 32 unused Assets / (2.8 MB). Loaded Objects now: 4601.
Memory consumption went from 91.8 MB to 89.0 MB.
Total: 7.616300 ms (FindLiveObjects: 0.515200 ms CreateObjectMapping: 0.275800 ms MarkObjects: 5.520100 ms  DeleteObjects: 1.304300 ms)

Prepare: number of updated asset objects reloaded= 0
AssetImportParameters requested are different than current active one (requested -> active):
  custom:container-demuxer-ogg: 62fdf1f143b41e24485cea50d1cbac27 -> 
  custom:video-decoder-ogg-theora: a1e56fd34408186e4bbccfd4996cb3dc -> 
  custom:framework-win-MediaFoundation: 216162199b28c13a410421893ffa2e32 -> 
  custom:CustomObjectIndexerAttribute: 756ad292c208cfabdd7b50bc23989ffe -> 
  custom:container-demuxer-webm: 4f35f7cbe854078d1ac9338744f61a02 -> 
  custom:container-muxer-webm: aa71ff27fc2769a1b78a27578f13a17b -> 
  custom:video-decoder-webm-vp8: 9c59270c3fd7afecdb556c50c9e8de78 -> 
  custom:SearchIndexIgnoredProperties: e643bd26f0fe6173181afceb89e7c659 -> 
  custom:AudioImporter_EditorPlatform: d09bf68614088b80899f8185d706f6e7 -> 
  custom:video-encoder-webm-vp8: eb34c28f22e8b96e1ab97ce403110664 -> 
  custom:audio-decoder-ogg-vorbis: bf7c407c2cedff20999df2af8eb42d56 -> 
  custom:audio-encoder-webm-vorbis: bf7c407c2cedff20999df2af8eb42d56 -> 
